<?xml version="1.0" encoding="UTF-8"?>
<robot generator="Robot 7.0 (Python 3.10.12 on linux)" generated="2024-03-03T22:59:48.260387" rpa="false" schemaversion="5">
<suite id="s1" name="Tests" source="/home/giuseppe/PycharmProjects/shop/tests">
<suite id="s1-s1" name="ShopSuite" source="/home/giuseppe/PycharmProjects/shop/tests/ShopSuite.robot">
<kw name="Open my browser" owner="Common" type="SETUP">
<kw name="Open Browser" owner="SeleniumLibrary">
<msg time="2024-03-03T22:59:48.752898" level="INFO">Opening browser 'chrome' to base url 'https://rahulshettyacademy.com/loginpagePractise/'.</msg>
<arg>${url}</arg>
<arg>${browser}</arg>
<doc>Opens a new browser instance to the optional ``url``.</doc>
<status status="PASS" start="2024-03-03T22:59:48.752613" elapsed="1.624500"/>
</kw>
<kw name="Maximize Browser Window" owner="SeleniumLibrary">
<doc>Maximizes current browser window.</doc>
<status status="PASS" start="2024-03-03T22:59:50.377626" elapsed="0.110556"/>
</kw>
<kw name="Set Selenium Speed" owner="SeleniumLibrary">
<arg>0.3 seconds</arg>
<doc>Sets the delay that is waited after each Selenium command.</doc>
<status status="PASS" start="2024-03-03T22:59:50.488848" elapsed="0.001003"/>
</kw>
<status status="PASS" start="2024-03-03T22:59:48.751852" elapsed="1.738504"/>
</kw>
<test id="s1-s1-t1" name="Invalid login" line="14">
<kw name="Start video" owner="ShopApp">
<kw name="Start video" owner="Common">
<kw name="Start Video Recording" owner="ScreenCapLibrary">
<msg time="2024-03-03T22:59:52.572543" level="INFO">Automatically setting a fps of 12.5</msg>
<arg>name=${NameTestCase}</arg>
<arg>embed=True</arg>
<doc>Starts the recording of a video in the background with the specified ``name``.
The recording can be stopped by calling the `Stop Video Recording` keyword.</doc>
<status status="PASS" start="2024-03-03T22:59:50.494999" elapsed="2.078193"/>
</kw>
<arg>${videoName}</arg>
<status status="PASS" start="2024-03-03T22:59:50.494091" elapsed="2.079271"/>
</kw>
<arg>Invalid Login</arg>
<status status="PASS" start="2024-03-03T22:59:50.492501" elapsed="2.080958"/>
</kw>
<kw name="Invalid login" owner="ShopApp">
<kw name="Invalid login" owner="Login">
<kw name="Input Text" owner="SeleniumLibrary">
<msg time="2024-03-03T22:59:52.575563" level="INFO">Typing text 'username' into text field 'id:username'.</msg>
<arg>${inputUsername}</arg>
<arg>${email}</arg>
<doc>Types the given ``text`` into the text field identified by ``locator``.</doc>
<status status="PASS" start="2024-03-03T22:59:52.575169" elapsed="1.061851"/>
</kw>
<kw name="Input Password" owner="SeleniumLibrary">
<msg time="2024-03-03T22:59:53.638758" level="INFO">Typing password into text field 'id:password'.</msg>
<msg time="2024-03-03T22:59:54.301540" level="INFO">Temporally setting log level to: NONE</msg>
<arg>${inputPassword}</arg>
<arg>${password}</arg>
<doc>Types the given password into the text field identified by ``locator``.</doc>
<status status="PASS" start="2024-03-03T22:59:53.637814" elapsed="1.040860"/>
</kw>
<kw name="Click Button" owner="SeleniumLibrary">
<msg time="2024-03-03T22:59:54.679496" level="INFO">Clicking button 'id:signInBtn'.</msg>
<arg>${signInButton}</arg>
<doc>Clicks the button identified by ``locator``.</doc>
<status status="PASS" start="2024-03-03T22:59:54.679103" elapsed="1.016254"/>
</kw>
<kw name="Wait Until Element Is Visible" owner="SeleniumLibrary">
<arg>${invalidLoginBanner}</arg>
<doc>Waits until the element ``locator`` is visible.</doc>
<status status="PASS" start="2024-03-03T22:59:55.695840" elapsed="2.311774"/>
</kw>
<kw name="Element Text Should Be" owner="SeleniumLibrary">
<msg time="2024-03-03T22:59:58.008945" level="INFO">Verifying element 'css:.alert.alert-danger.col-md-12' contains exact text 'Incorrect username/password.'.</msg>
<arg>${invalidLoginBanner}</arg>
<arg>${message}</arg>
<doc>Verifies that element ``locator`` contains exact the text ``expected``.</doc>
<status status="PASS" start="2024-03-03T22:59:58.008195" elapsed="0.639778"/>
</kw>
<arg>${username}</arg>
<arg>${password}</arg>
<arg>${message}</arg>
<status status="PASS" start="2024-03-03T22:59:52.574595" elapsed="6.074565"/>
</kw>
<arg>${wrongUsername}</arg>
<arg>${wrongPassword}</arg>
<arg>${message}</arg>
<status status="PASS" start="2024-03-03T22:59:52.573973" elapsed="6.076791"/>
</kw>
<kw name="Stop video" owner="ShopApp">
<kw name="Stop all video" owner="Common">
<kw name="Stop All Video Recordings" owner="ScreenCapLibrary">
<msg time="2024-03-03T22:59:58.720461" level="INFO" html="true">&lt;a href="results/videos/Invalid%20Login_2.webm"&gt;&lt;video width="800px" autoplay&gt;&lt;source src="results/videos/Invalid%20Login_2.webm" type="video/webm"&gt;&lt;/video&gt;&lt;/a&gt;</msg>
<arg>save_to_disk=True</arg>
<doc>Stops all the video recordings and generates the files in WebM format. If ``embed`` argument
was set to ``True`` the videos will be displayed in the log file.</doc>
<status status="PASS" start="2024-03-03T22:59:58.652733" elapsed="0.067874"/>
</kw>
<status status="PASS" start="2024-03-03T22:59:58.652248" elapsed="0.068520"/>
</kw>
<status status="PASS" start="2024-03-03T22:59:58.651485" elapsed="0.069374"/>
</kw>
<doc>Invalid login</doc>
<tag>invalidLogin</tag>
<status status="PASS" start="2024-03-03T22:59:50.490697" elapsed="8.230417"/>
</test>
<kw name="Close my browser" owner="Common" type="TEARDOWN">
<kw name="Close Browser" owner="SeleniumLibrary">
<doc>Closes the current browser.</doc>
<status status="PASS" start="2024-03-03T22:59:58.722334" elapsed="0.356641"/>
</kw>
<status status="PASS" start="2024-03-03T22:59:58.721992" elapsed="0.357234"/>
</kw>
<status status="PASS" start="2024-03-03T22:59:48.285966" elapsed="10.793370"/>
</suite>
<status status="PASS" start="2024-03-03T22:59:48.261675" elapsed="10.818936"/>
</suite>
<statistics>
<total>
<stat pass="1" fail="0" skip="0">All Tests</stat>
</total>
<tag>
<stat pass="1" fail="0" skip="0">invalidLogin</stat>
</tag>
<suite>
<stat pass="1" fail="0" skip="0" id="s1" name="Tests">Tests</stat>
<stat pass="1" fail="0" skip="0" id="s1-s1" name="ShopSuite">Tests.ShopSuite</stat>
</suite>
</statistics>
<errors>
</errors>
</robot>
